生成启动时间为 2/28/17 10:36:41。
     1>项目“C:\Project\BeckHoffDll\BeckHoffDll\BeckHoffDll.vcxproj”在节点 2 上(Rebuild 个目标)。
     1>ClCompile:
         C:\Program Files (x86)\Microsoft Visual Studio 12.0\VC\bin\CL.exe /c /IC:\lua\include /Zi /nologo /W3 /WX- /sdl /O2 /Oi /Oy- /GL /D WIN32 /D NDEBUG /D _WINDOWS /D _USRDLL /D BECKHOFFDLL_EXPORTS /D _WINDLL /D _UNICODE /D UNICODE /Gm- /EHsc /MD /GS /Gy /fp:precise /Zc:wchar_t /Zc:forScope /Fo"Release\\" /Fd"Release\vc120.pdb" /Gd /TP /analyze- /errorReport:prompt BeckHoff.cpp BeckhoffDll.cpp CTcpClient.cpp LuaAMDllExport_wrap.cxx
         BeckHoff.cpp
     1>BeckHoff.cpp(120): warning C4244: “初始化”: 从“double”转换到“int”，可能丢失数据
         BeckhoffDll.cpp
         CTcpClient.cpp
         LuaAMDllExport_wrap.cxx
     1>LuaAMDllExport_wrap.cxx(2602): warning C4244: “参数”: 从“lua_Number”转换到“lua_Integer”，可能丢失数据
     1>LuaAMDllExport_wrap.cxx(2613): warning C4244: “初始化”: 从“long”转换到“char”，可能丢失数据
       Link:
         C:\Program Files (x86)\Microsoft Visual Studio 12.0\VC\bin\link.exe /ERRORREPORT:PROMPT /OUT:"C:\Project\BeckHoffDll\Release\BeckHoffDll.dll" /INCREMENTAL:NO /NOLOGO lua.lib kernel32.lib user32.lib gdi32.lib winspool.lib comdlg32.lib advapi32.lib shell32.lib ole32.lib oleaut32.lib uuid.lib odbc32.lib odbccp32.lib /MANIFEST /MANIFESTUAC:"level='asInvoker' uiAccess='false'" /manifest:embed /DEBUG /PDB:"C:\Project\BeckHoffDll\Release\BeckHoffDll.pdb" /SUBSYSTEM:WINDOWS /OPT:REF /OPT:ICF /LTCG /TLBID:1 /DYNAMICBASE /NXCOMPAT /IMPLIB:"C:\Project\BeckHoffDll\Release\BeckHoffDll.lib" /MACHINE:X86 /SAFESEH /DLL Release\BeckHoff.obj
         Release\BeckhoffDll.obj
         Release\CTcpClient.obj
         Release\LuaAMDllExport_wrap.obj
     1>lua.lib(lapi.obj) : warning LNK4075: 忽略“/EDITANDCONTINUE”(由于“/OPT:ICF”规范)
            正在创建库 C:\Project\BeckHoffDll\Release\BeckHoffDll.lib 和对象 C:\Project\BeckHoffDll\Release\BeckHoffDll.exp
     1>LINK : warning LNK4098: 默认库“MSVCRTD”与其他库的使用冲突；请使用 /NODEFAULTLIB:library
         正在生成代码
         已完成代码的生成
         BeckHoffDll.vcxproj -> C:\Project\BeckHoffDll\Release\BeckHoffDll.dll
     1>已完成生成项目“C:\Project\BeckHoffDll\BeckHoffDll\BeckHoffDll.vcxproj”(Rebuild 个目标)的操作。

生成成功。

已用时间 00:00:03.78
