生成启动时间为 2017/1/11 17:41:00。
     1>项目“C:\Users\haitao\Documents\Git\TMC\TMC\TMC.vcxproj”在节点 2 上(Build 个目标)。
     1>Link:
         C:\Program Files (x86)\Microsoft Visual Studio 12.0\VC\bin\link.exe /ERRORREPORT:PROMPT /OUT:"C:\Users\haitao\Documents\Git\TMC\Release\TMC.exe" /INCREMENTAL:NO /NOLOGO /LIBPATH:C:\Users\haitao\Documents\Git\TMC\TMC\ hiredis.lib libzmq.lib Win32_Interop.lib libsodium.lib log4cplusUD.lib kernel32.lib user32.lib gdi32.lib winspool.lib comdlg32.lib advapi32.lib shell32.lib ole32.lib oleaut32.lib uuid.lib odbc32.lib odbccp32.lib /MANIFEST /MANIFESTUAC:"level='asInvoker' uiAccess='false'" /manifest:embed /DEBUG /PDB:"C:\Users\haitao\Documents\Git\TMC\Release\TMC.pdb" /SUBSYSTEM:CONSOLE /OPT:REF /OPT:ICF /LTCG /TLBID:1 /DYNAMICBASE /NXCOMPAT /IMPLIB:"C:\Users\haitao\Documents\Git\TMC\Release\TMC.lib" /MACHINE:X86 /SAFESEH Release\ConvertHelper.obj
         Release\CRedis.obj
         Release\JsonHelper.obj
         Release\TMC.obj
         Release\Util.obj
         Release\XmlHelper.obj
         Release\ZmqReplyer.obj
         Release\ZmqRequester.obj
     1>hiredis.lib(hiredis.obj) : warning LNK4075: 忽略“/EDITANDCONTINUE”(由于“/OPT:ICF”规范)
     1>Win32_Interop.lib(Win32_FDAPI.obj) : error LNK2038: 检测到“_ITERATOR_DEBUG_LEVEL”的不匹配项:  值“2”不匹配值“0”(ConvertHelper.obj 中)
     1>Win32_Interop.lib(Win32_FDAPI.obj) : error LNK2038: 检测到“RuntimeLibrary”的不匹配项:  值“MDd_DynamicDebug”不匹配值“MD_DynamicRelease”(ConvertHelper.obj 中)
     1>Win32_Interop.lib(win32_rfdmap.obj) : error LNK2038: 检测到“_ITERATOR_DEBUG_LEVEL”的不匹配项:  值“2”不匹配值“0”(ConvertHelper.obj 中)
     1>Win32_Interop.lib(win32_rfdmap.obj) : error LNK2038: 检测到“RuntimeLibrary”的不匹配项:  值“MDd_DynamicDebug”不匹配值“MD_DynamicRelease”(ConvertHelper.obj 中)
     1>Win32_Interop.lib(Win32_fdapi_crt.obj) : error LNK2038: 检测到“_ITERATOR_DEBUG_LEVEL”的不匹配项:  值“2”不匹配值“0”(ConvertHelper.obj 中)
     1>Win32_Interop.lib(Win32_fdapi_crt.obj) : error LNK2038: 检测到“RuntimeLibrary”的不匹配项:  值“MDd_DynamicDebug”不匹配值“MD_DynamicRelease”(ConvertHelper.obj 中)
     1>Win32_Interop.lib(Win32_variadicFunctor.obj) : error LNK2038: 检测到“_ITERATOR_DEBUG_LEVEL”的不匹配项:  值“2”不匹配值“0”(ConvertHelper.obj 中)
     1>Win32_Interop.lib(Win32_variadicFunctor.obj) : error LNK2038: 检测到“RuntimeLibrary”的不匹配项:  值“MDd_DynamicDebug”不匹配值“MD_DynamicRelease”(ConvertHelper.obj 中)
     1>Win32_Interop.lib(Win32_EventLog.obj) : error LNK2038: 检测到“_ITERATOR_DEBUG_LEVEL”的不匹配项:  值“2”不匹配值“0”(ConvertHelper.obj 中)
     1>Win32_Interop.lib(Win32_EventLog.obj) : error LNK2038: 检测到“RuntimeLibrary”的不匹配项:  值“MDd_DynamicDebug”不匹配值“MD_DynamicRelease”(ConvertHelper.obj 中)
     1>LINK : warning LNK4098: 默认库“MSVCRTD”与其他库的使用冲突；请使用 /NODEFAULTLIB:library
     1>C:\Users\haitao\Documents\Git\TMC\Release\TMC.exe : fatal error LNK1319: 检测到 10 个不匹配项
     1>已完成生成项目“C:\Users\haitao\Documents\Git\TMC\TMC\TMC.vcxproj”(Build 个目标)的操作 - 失败。

生成失败。

已用时间 00:00:00.48
