\BOOKMARK [0][-]{chapter.1}{\376\377\0001\000\040\000C\000l\000a\000s\000s\000\040\000I\000n\000d\000e\000x}{}% 1
\BOOKMARK [1][-]{section.1.1}{\376\377\0001\000.\0001\000\040\000C\000l\000a\000s\000s\000\040\000L\000i\000s\000t}{chapter.1}% 2
\BOOKMARK [0][-]{chapter.2}{\376\377\0002\000\040\000F\000i\000l\000e\000\040\000I\000n\000d\000e\000x}{}% 3
\BOOKMARK [1][-]{section.2.1}{\376\377\0002\000.\0001\000\040\000F\000i\000l\000e\000\040\000L\000i\000s\000t}{chapter.2}% 4
\BOOKMARK [0][-]{chapter.3}{\376\377\0003\000\040\000C\000l\000a\000s\000s\000\040\000D\000o\000c\000u\000m\000e\000n\000t\000a\000t\000i\000o\000n}{}% 5
\BOOKMARK [1][-]{section.3.1}{\376\377\0003\000.\0001\000\040\000H\000a\000l\000c\000o\000n\000L\000i\000b\000\040\000C\000l\000a\000s\000s\000\040\000R\000e\000f\000e\000r\000e\000n\000c\000e}{chapter.3}% 6
\BOOKMARK [2][-]{subsection.3.1.1}{\376\377\0003\000.\0001\000.\0001\000\040\000C\000o\000n\000s\000t\000r\000u\000c\000t\000o\000r\000\040\000\046\000\040\000D\000e\000s\000t\000r\000u\000c\000t\000o\000r\000\040\000D\000o\000c\000u\000m\000e\000n\000t\000a\000t\000i\000o\000n}{section.3.1}% 7
\BOOKMARK [3][-]{subsubsection.3.1.1.1}{\376\377\0003\000.\0001\000.\0001\000.\0001\000\040\000H\000a\000l\000c\000o\000n\000L\000i\000b\000\050\000\051}{subsection.3.1.1}% 8
\BOOKMARK [3][-]{subsubsection.3.1.1.2}{\376\377\0003\000.\0001\000.\0001\000.\0002\000\040\000\040\000H\000a\000l\000c\000o\000n\000L\000i\000b\000\050\000\051}{subsection.3.1.1}% 9
\BOOKMARK [2][-]{subsection.3.1.2}{\376\377\0003\000.\0001\000.\0002\000\040\000M\000e\000m\000b\000e\000r\000\040\000F\000u\000n\000c\000t\000i\000o\000n\000\040\000D\000o\000c\000u\000m\000e\000n\000t\000a\000t\000i\000o\000n}{section.3.1}% 10
\BOOKMARK [3][-]{subsubsection.3.1.2.1}{\376\377\0003\000.\0001\000.\0002\000.\0001\000\040\000a\000d\000d\000R\000e\000g\000i\000o\000n\000\050\000c\000o\000n\000s\000t\000\040\000c\000h\000a\000r\000\040\000*\000p\000R\000e\000g\000i\000o\000n\000\051}{subsection.3.1.2}% 11
\BOOKMARK [3][-]{subsubsection.3.1.2.2}{\376\377\0003\000.\0001\000.\0002\000.\0002\000\040\000d\000e\000t\000e\000c\000t\000S\000a\000m\000p\000l\000e\000\050\000H\000I\000m\000a\000g\000e\000\040\000p\000I\000m\000a\000g\000e\000,\000\040\000c\000o\000n\000s\000t\000\040\000c\000h\000a\000r\000\040\000*\000p\000R\000e\000g\000i\000o\000n\000,\000\040\000i\000n\000t\000\040\000p\000I\000n\000d\000e\000x\000\051}{subsection.3.1.2}% 12
\BOOKMARK [3][-]{subsubsection.3.1.2.3}{\376\377\0003\000.\0001\000.\0002\000.\0003\000\040\000d\000e\000t\000e\000c\000t\000S\000a\000m\000p\000l\000e\000\050\000H\000I\000m\000a\000g\000e\000\040\000p\000I\000m\000a\000g\000e\000,\000\040\000c\000o\000n\000s\000t\000\040\000c\000h\000a\000r\000\040\000*\000p\000R\000e\000g\000i\000o\000n\000,\000\040\000i\000n\000t\000\040\000p\000I\000n\000d\000e\000x\000,\000\040\000H\000T\000u\000p\000l\000e\000\040\000*\000h\000v\000R\000o\000w\000,\000\040\000H\000T\000u\000p\000l\000e\000\040\000*\000h\000v\000C\000o\000l\000u\000m\000n\000,\000\040\000H\000T\000u\000p\000l\000e\000\040\000*\000h\000v\000A\000n\000g\000l\000e\000,\000\040\000H\000T\000u\000p\000l\000e\000\040\000*\000h\000v\000S\000c\000a\000l\000e\000,\000\040\000H\000T\000u\000p\000l\000e\000\040\000*\000h\000v\000I\000\051}{subsection.3.1.2}% 13
\BOOKMARK [3][-]{subsubsection.3.1.2.4}{\376\377\0003\000.\0001\000.\0002\000.\0004\000\040\000d\000i\000s\000p\000l\000a\000y\000P\000i\000c\000\050\000c\000o\000n\000s\000t\000\040\000c\000h\000a\000r\000\040\000*\000p\000F\000i\000l\000e\000P\000a\000t\000h\000\051}{subsection.3.1.2}% 14
\BOOKMARK [3][-]{subsubsection.3.1.2.5}{\376\377\0003\000.\0001\000.\0002\000.\0005\000\040\000d\000i\000s\000p\000l\000a\000y\000P\000i\000c\000\050\000H\000I\000m\000a\000g\000e\000\040\000p\000I\000m\000a\000g\000e\000\051}{subsection.3.1.2}% 15
\BOOKMARK [3][-]{subsubsection.3.1.2.6}{\376\377\0003\000.\0001\000.\0002\000.\0006\000\040\000i\000n\000i\000t\000W\000i\000n\000d\000o\000w\000\050\000N\000S\000V\000i\000e\000w\000\040\000*\000V\000i\000e\000w\000\051}{subsection.3.1.2}% 16
\BOOKMARK [3][-]{subsubsection.3.1.2.7}{\376\377\0003\000.\0001\000.\0002\000.\0007\000\040\000m\000o\000d\000e\000l\000T\000e\000s\000t\000\050\000H\000I\000m\000a\000g\000e\000\040\000p\000I\000m\000a\000g\000e\000,\000\040\000c\000o\000n\000s\000t\000\040\000c\000h\000a\000r\000\040\000*\000p\000R\000e\000g\000i\000o\000n\000,\000\040\000i\000n\000t\000\040\000p\000I\000n\000d\000e\000x\000\051}{subsection.3.1.2}% 17
\BOOKMARK [3][-]{subsubsection.3.1.2.8}{\376\377\0003\000.\0001\000.\0002\000.\0008\000\040\000s\000a\000v\000e\000M\000o\000d\000e\000l\000\050\000c\000o\000n\000s\000t\000\040\000c\000h\000a\000r\000\040\000*\000p\000R\000e\000g\000i\000o\000n\000,\000\040\000i\000n\000t\000\040\000p\000I\000n\000d\000e\000x\000\051}{subsection.3.1.2}% 18
\BOOKMARK [3][-]{subsubsection.3.1.2.9}{\376\377\0003\000.\0001\000.\0002\000.\0009\000\040\000s\000e\000t\000R\000o\000o\000t\000P\000a\000t\000h\000\050\000c\000o\000n\000s\000t\000\040\000c\000h\000a\000r\000\040\000*\000p\000P\000a\000t\000h\000\051}{subsection.3.1.2}% 19
\BOOKMARK [3][-]{subsubsection.3.1.2.10}{\376\377\0003\000.\0001\000.\0002\000.\0001\0000\000\040\000s\000h\000o\000w\000R\000e\000s\000u\000l\000t\000\050\000i\000n\000t\000\040\000p\000I\000m\000g\000I\000n\000d\000e\000x\000,\000\040\000i\000n\000t\000\040\000p\000I\000n\000d\000e\000x\000\051}{subsection.3.1.2}% 20
\BOOKMARK [3][-]{subsubsection.3.1.2.11}{\376\377\0003\000.\0001\000.\0002\000.\0001\0001\000\040\000t\000e\000s\000t\000R\000e\000g\000i\000o\000n\000\050\000c\000o\000n\000s\000t\000\040\000c\000h\000a\000r\000\040\000*\000p\000F\000i\000l\000e\000P\000a\000h\000t\000,\000\040\000i\000n\000t\000\040\000i\000n\000d\000e\000x\000\051}{subsection.3.1.2}% 21
\BOOKMARK [3][-]{subsubsection.3.1.2.12}{\376\377\0003\000.\0001\000.\0002\000.\0001\0002\000\040\000t\000r\000a\000i\000n\000M\000o\000d\000e\000l\000\050\000\051}{subsection.3.1.2}% 22
\BOOKMARK [3][-]{subsubsection.3.1.2.13}{\376\377\0003\000.\0001\000.\0002\000.\0001\0003\000\040\000t\000r\000a\000i\000n\000M\000o\000d\000e\000l\000\050\000H\000I\000m\000a\000g\000e\000\040\000p\000I\000m\000a\000g\000e\000\051}{subsection.3.1.2}% 23
\BOOKMARK [3][-]{subsubsection.3.1.2.14}{\376\377\0003\000.\0001\000.\0002\000.\0001\0004\000\040\000t\000r\000a\000i\000n\000M\000o\000d\000e\000l\000\050\000H\000I\000m\000a\000g\000e\000\040\000p\000I\000m\000a\000g\000e\000,\000\040\000i\000n\000t\000\040\000p\000I\000n\000d\000e\000x\000,\000\040\000B\000O\000O\000L\000\040\000i\000s\000D\000r\000a\000w\000=\000T\000R\000U\000E\000,\000\040\000B\000O\000O\000L\000\040\000i\000s\000S\000a\000v\000e\000=\000T\000R\000U\000E\000\051}{subsection.3.1.2}% 24
\BOOKMARK [3][-]{subsubsection.3.1.2.15}{\376\377\0003\000.\0001\000.\0002\000.\0001\0005\000\040\000t\000r\000a\000i\000n\000M\000o\000d\000e\000l\000\050\000H\000I\000m\000a\000g\000e\000\040\000p\000I\000m\000a\000g\000e\000,\000\040\000B\000O\000O\000L\000\040\000i\000s\000D\000r\000a\000w\000,\000\040\000B\000O\000O\000L\000\040\000i\000s\000S\000a\000v\000e\000,\000\040\000c\000o\000n\000s\000t\000\040\000c\000h\000a\000r\000\040\000*\000p\000R\000e\000g\000i\000o\000n\000,\000\040\000i\000n\000t\000\040\000p\000I\000n\000d\000e\000x\000\051}{subsection.3.1.2}% 25
\BOOKMARK [1][-]{section.3.2}{\376\377\0003\000.\0002\000\040\000H\000a\000l\000O\000b\000j\000\040\000C\000l\000a\000s\000s\000\040\000R\000e\000f\000e\000r\000e\000n\000c\000e}{chapter.3}% 26
\BOOKMARK [2][-]{subsection.3.2.1}{\376\377\0003\000.\0002\000.\0001\000\040\000C\000o\000n\000s\000t\000r\000u\000c\000t\000o\000r\000\040\000\046\000\040\000D\000e\000s\000t\000r\000u\000c\000t\000o\000r\000\040\000D\000o\000c\000u\000m\000e\000n\000t\000a\000t\000i\000o\000n}{section.3.2}% 27
\BOOKMARK [3][-]{subsubsection.3.2.1.1}{\376\377\0003\000.\0002\000.\0001\000.\0001\000\040\000H\000a\000l\000O\000b\000j\000\050\000\051}{subsection.3.2.1}% 28
\BOOKMARK [2][-]{subsection.3.2.2}{\376\377\0003\000.\0002\000.\0002\000\040\000M\000e\000m\000b\000e\000r\000\040\000F\000u\000n\000c\000t\000i\000o\000n\000\040\000D\000o\000c\000u\000m\000e\000n\000t\000a\000t\000i\000o\000n}{section.3.2}% 29
\BOOKMARK [3][-]{subsubsection.3.2.2.1}{\376\377\0003\000.\0002\000.\0002\000.\0001\000\040\000a\000d\000d\000R\000e\000g\000i\000o\000n\000\050\000c\000o\000n\000s\000t\000\040\000c\000h\000a\000r\000\040\000*\000p\000R\000e\000g\000i\000o\000n\000\051}{subsection.3.2.2}% 30
\BOOKMARK [3][-]{subsubsection.3.2.2.2}{\376\377\0003\000.\0002\000.\0002\000.\0002\000\040\000d\000e\000t\000e\000c\000t\000S\000a\000m\000p\000l\000e\000\050\000H\000I\000m\000a\000g\000e\000\040\000p\000I\000m\000a\000g\000e\000,\000\040\000c\000o\000n\000s\000t\000\040\000c\000h\000a\000r\000\040\000*\000p\000R\000e\000g\000i\000o\000n\000,\000\040\000i\000n\000t\000\040\000p\000I\000n\000d\000e\000x\000\051}{subsection.3.2.2}% 31
\BOOKMARK [3][-]{subsubsection.3.2.2.3}{\376\377\0003\000.\0002\000.\0002\000.\0003\000\040\000d\000e\000t\000e\000c\000t\000S\000a\000m\000p\000l\000e\000\050\000H\000I\000m\000a\000g\000e\000\040\000p\000I\000m\000a\000g\000e\000,\000\040\000c\000o\000n\000s\000t\000\040\000c\000h\000a\000r\000\040\000*\000p\000R\000e\000g\000i\000o\000n\000,\000\040\000i\000n\000t\000\040\000p\000I\000n\000d\000e\000x\000,\000\040\000H\000T\000u\000p\000l\000e\000\040\000*\000h\000v\000R\000o\000w\000,\000\040\000H\000T\000u\000p\000l\000e\000\040\000*\000h\000v\000C\000o\000l\000u\000m\000n\000,\000\040\000H\000T\000u\000p\000l\000e\000\040\000*\000h\000v\000A\000n\000g\000l\000e\000,\000\040\000H\000T\000u\000p\000l\000e\000\040\000*\000h\000v\000S\000c\000a\000l\000e\000,\000\040\000H\000T\000u\000p\000l\000e\000\040\000*\000h\000v\000I\000\051}{subsection.3.2.2}% 32
\BOOKMARK [3][-]{subsubsection.3.2.2.4}{\376\377\0003\000.\0002\000.\0002\000.\0004\000\040\000d\000i\000s\000p\000l\000a\000y\000P\000i\000c\000\050\000c\000o\000n\000s\000t\000\040\000c\000h\000a\000r\000\040\000*\000p\000F\000i\000l\000e\000P\000a\000t\000h\000\051}{subsection.3.2.2}% 33
\BOOKMARK [3][-]{subsubsection.3.2.2.5}{\376\377\0003\000.\0002\000.\0002\000.\0005\000\040\000d\000i\000s\000p\000l\000a\000y\000P\000i\000c\000\050\000H\000I\000m\000a\000g\000e\000\040\000p\000I\000m\000a\000g\000e\000\051}{subsection.3.2.2}% 34
\BOOKMARK [3][-]{subsubsection.3.2.2.6}{\376\377\0003\000.\0002\000.\0002\000.\0006\000\040\000i\000n\000i\000t\000W\000i\000n\000d\000o\000w\000\050\000N\000S\000V\000i\000e\000w\000\040\000*\000V\000i\000e\000w\000\051}{subsection.3.2.2}% 35
\BOOKMARK [3][-]{subsubsection.3.2.2.7}{\376\377\0003\000.\0002\000.\0002\000.\0007\000\040\000m\000o\000d\000e\000l\000T\000e\000s\000t\000\050\000H\000I\000m\000a\000g\000e\000\040\000p\000I\000m\000a\000g\000e\000,\000\040\000c\000o\000n\000s\000t\000\040\000c\000h\000a\000r\000\040\000*\000p\000R\000e\000g\000i\000o\000n\000,\000\040\000i\000n\000t\000\040\000p\000I\000n\000d\000e\000x\000\051}{subsection.3.2.2}% 36
\BOOKMARK [3][-]{subsubsection.3.2.2.8}{\376\377\0003\000.\0002\000.\0002\000.\0008\000\040\000s\000a\000v\000e\000M\000o\000d\000e\000l\000\050\000c\000o\000n\000s\000t\000\040\000c\000h\000a\000r\000\040\000*\000p\000R\000e\000g\000i\000o\000n\000,\000\040\000i\000n\000t\000\040\000p\000I\000n\000d\000e\000x\000\051}{subsection.3.2.2}% 37
\BOOKMARK [3][-]{subsubsection.3.2.2.9}{\376\377\0003\000.\0002\000.\0002\000.\0009\000\040\000s\000e\000t\000R\000o\000o\000t\000P\000a\000t\000h\000\050\000c\000o\000n\000s\000t\000\040\000c\000h\000a\000r\000\040\000*\000p\000P\000a\000t\000h\000\051}{subsection.3.2.2}% 38
\BOOKMARK [3][-]{subsubsection.3.2.2.10}{\376\377\0003\000.\0002\000.\0002\000.\0001\0000\000\040\000s\000h\000o\000w\000R\000e\000s\000u\000l\000t\000\050\000i\000n\000t\000\040\000p\000I\000m\000g\000I\000n\000d\000e\000x\000,\000\040\000i\000n\000t\000\040\000p\000I\000n\000d\000e\000x\000\051}{subsection.3.2.2}% 39
\BOOKMARK [3][-]{subsubsection.3.2.2.11}{\376\377\0003\000.\0002\000.\0002\000.\0001\0001\000\040\000t\000e\000s\000t\000R\000e\000g\000i\000o\000n\000\050\000c\000o\000n\000s\000t\000\040\000c\000h\000a\000r\000\040\000*\000p\000F\000i\000l\000e\000P\000a\000h\000t\000,\000\040\000i\000n\000t\000\040\000i\000n\000d\000e\000x\000\051}{subsection.3.2.2}% 40
\BOOKMARK [3][-]{subsubsection.3.2.2.12}{\376\377\0003\000.\0002\000.\0002\000.\0001\0002\000\040\000t\000r\000a\000i\000n\000M\000o\000d\000e\000l\000\050\000\051}{subsection.3.2.2}% 41
\BOOKMARK [3][-]{subsubsection.3.2.2.13}{\376\377\0003\000.\0002\000.\0002\000.\0001\0003\000\040\000t\000r\000a\000i\000n\000M\000o\000d\000e\000l\000\050\000H\000I\000m\000a\000g\000e\000\040\000p\000I\000m\000a\000g\000e\000\051}{subsection.3.2.2}% 42
\BOOKMARK [3][-]{subsubsection.3.2.2.14}{\376\377\0003\000.\0002\000.\0002\000.\0001\0004\000\040\000t\000r\000a\000i\000n\000M\000o\000d\000e\000l\000\050\000H\000I\000m\000a\000g\000e\000\040\000p\000I\000m\000a\000g\000e\000,\000\040\000i\000n\000t\000\040\000p\000I\000n\000d\000e\000x\000,\000\040\000B\000O\000O\000L\000\040\000i\000s\000D\000r\000a\000w\000=\000T\000R\000U\000E\000,\000\040\000B\000O\000O\000L\000\040\000i\000s\000S\000a\000v\000e\000=\000T\000R\000U\000E\000\051}{subsection.3.2.2}% 43
\BOOKMARK [3][-]{subsubsection.3.2.2.15}{\376\377\0003\000.\0002\000.\0002\000.\0001\0005\000\040\000t\000r\000a\000i\000n\000M\000o\000d\000e\000l\000\050\000H\000I\000m\000a\000g\000e\000\040\000p\000I\000m\000a\000g\000e\000,\000\040\000B\000O\000O\000L\000\040\000i\000s\000D\000r\000a\000w\000,\000\040\000B\000O\000O\000L\000\040\000i\000s\000S\000a\000v\000e\000,\000\040\000c\000o\000n\000s\000t\000\040\000c\000h\000a\000r\000\040\000*\000p\000R\000e\000g\000i\000o\000n\000,\000\040\000i\000n\000t\000\040\000p\000I\000n\000d\000e\000x\000\051}{subsection.3.2.2}% 44
\BOOKMARK [2][-]{subsection.3.2.3}{\376\377\0003\000.\0002\000.\0003\000\040\000M\000e\000m\000b\000e\000r\000\040\000D\000a\000t\000a\000\040\000D\000o\000c\000u\000m\000e\000n\000t\000a\000t\000i\000o\000n}{section.3.2}% 45
\BOOKMARK [3][-]{subsubsection.3.2.3.1}{\376\377\0003\000.\0002\000.\0003\000.\0001\000\040\000h\000o\000b\000j}{subsection.3.2.3}% 46
\BOOKMARK [0][-]{chapter.4}{\376\377\0004\000\040\000F\000i\000l\000e\000\040\000D\000o\000c\000u\000m\000e\000n\000t\000a\000t\000i\000o\000n}{}% 47
\BOOKMARK [1][-]{section.4.1}{\376\377\0004\000.\0001\000\040\000/\000U\000s\000e\000r\000s\000/\000L\000e\000a\000k\000e\000y\000/\000g\000i\000t\000/\000H\000a\000l\000c\000o\000n\000L\000i\000b\000/\000H\000a\000l\000c\000o\000n\000L\000i\000b\000/\000H\000a\000l\000c\000o\000n\000L\000i\000b\000.\000h\000\040\000F\000i\000l\000e\000\040\000R\000e\000f\000e\000r\000e\000n\000c\000e}{chapter.4}% 48
\BOOKMARK [2][-]{subsection.4.1.1}{\376\377\0004\000.\0001\000.\0001\000\040\000F\000u\000n\000c\000t\000i\000o\000n\000\040\000D\000o\000c\000u\000m\000e\000n\000t\000a\000t\000i\000o\000n}{section.4.1}% 49
\BOOKMARK [3][-]{subsubsection.4.1.1.1}{\376\377\0004\000.\0001\000.\0001\000.\0001\000\040\000c\000h\000e\000c\000k\000P\000a\000t\000h\000\050\000c\000h\000a\000r\000\040\000*\000p\000F\000i\000l\000e\000P\000a\000t\000h\000\051}{subsection.4.1.1}% 50
\BOOKMARK [3][-]{subsubsection.4.1.1.2}{\376\377\0004\000.\0001\000.\0001\000.\0002\000\040\000S\000a\000v\000e\000D\000e\000b\000u\000g\000\050\000c\000o\000n\000s\000t\000\040\000c\000h\000a\000r\000\040\000*\000m\000s\000g\000\051}{subsection.4.1.1}% 51
\BOOKMARK [1][-]{section.4.2}{\376\377\0004\000.\0002\000\040\000/\000U\000s\000e\000r\000s\000/\000L\000e\000a\000k\000e\000y\000/\000g\000i\000t\000/\000H\000a\000l\000c\000o\000n\000L\000i\000b\000/\000H\000a\000l\000c\000o\000n\000L\000i\000b\000/\000H\000a\000l\000c\000o\000n\000L\000i\000b\000.\000m\000m\000\040\000F\000i\000l\000e\000\040\000R\000e\000f\000e\000r\000e\000n\000c\000e}{chapter.4}% 52
\BOOKMARK [2][-]{subsection.4.2.1}{\376\377\0004\000.\0002\000.\0001\000\040\000F\000u\000n\000c\000t\000i\000o\000n\000\040\000D\000o\000c\000u\000m\000e\000n\000t\000a\000t\000i\000o\000n}{section.4.2}% 53
\BOOKMARK [3][-]{subsubsection.4.2.1.1}{\376\377\0004\000.\0002\000.\0001\000.\0001\000\040\000c\000h\000e\000c\000k\000P\000a\000t\000h\000\050\000c\000h\000a\000r\000\040\000*\000p\000F\000i\000l\000e\000P\000a\000t\000h\000\051}{subsection.4.2.1}% 54
\BOOKMARK [3][-]{subsubsection.4.2.1.2}{\376\377\0004\000.\0002\000.\0001\000.\0002\000\040\000S\000a\000v\000e\000D\000e\000b\000u\000g\000\050\000c\000o\000n\000s\000t\000\040\000c\000h\000a\000r\000\040\000*\000m\000s\000g\000\051}{subsection.4.2.1}% 55
\BOOKMARK [2][-]{subsection.4.2.2}{\376\377\0004\000.\0002\000.\0002\000\040\000V\000a\000r\000i\000a\000b\000l\000e\000\040\000D\000o\000c\000u\000m\000e\000n\000t\000a\000t\000i\000o\000n}{section.4.2}% 56
\BOOKMARK [3][-]{subsubsection.4.2.2.1}{\376\377\0004\000.\0002\000.\0002\000.\0001\000\040\000h\000o\000M\000o\000d\000e\000l\000C\000o\000n\000t\000o\000u\000r\000s}{subsection.4.2.2}% 57
\BOOKMARK [3][-]{subsubsection.4.2.2.2}{\376\377\0004\000.\0002\000.\0002\000.\0002\000\040\000h\000o\000T\000r\000a\000n\000s\000C\000o\000n\000t\000o\000u\000r\000s}{subsection.4.2.2}% 58
\BOOKMARK [3][-]{subsubsection.4.2.2.3}{\376\377\0004\000.\0002\000.\0002\000.\0003\000\040\000h\000v\000H\000o\000m\000M\000a\000t\0002\000D}{subsection.4.2.2}% 59
\BOOKMARK [1][-]{section.4.3}{\376\377\0004\000.\0003\000\040\000/\000U\000s\000e\000r\000s\000/\000L\000e\000a\000k\000e\000y\000/\000g\000i\000t\000/\000H\000a\000l\000c\000o\000n\000L\000i\000b\000/\000H\000a\000l\000c\000o\000n\000L\000i\000b\000/\000H\000a\000l\000O\000b\000j\000.\000h\000\040\000F\000i\000l\000e\000\040\000R\000e\000f\000e\000r\000e\000n\000c\000e}{chapter.4}% 60
\BOOKMARK [2][-]{subsection.4.3.1}{\376\377\0004\000.\0003\000.\0001\000\040\000F\000u\000n\000c\000t\000i\000o\000n\000\040\000D\000o\000c\000u\000m\000e\000n\000t\000a\000t\000i\000o\000n}{section.4.3}% 61
\BOOKMARK [3][-]{subsubsection.4.3.1.1}{\376\377\0004\000.\0003\000.\0001\000.\0001\000\040\000c\000h\000e\000c\000k\000P\000a\000t\000h\000\050\000c\000h\000a\000r\000\040\000*\000p\000F\000i\000l\000e\000P\000a\000t\000h\000\051}{subsection.4.3.1}% 62
\BOOKMARK [3][-]{subsubsection.4.3.1.2}{\376\377\0004\000.\0003\000.\0001\000.\0002\000\040\000S\000a\000v\000e\000D\000e\000b\000u\000g\000\050\000c\000o\000n\000s\000t\000\040\000c\000h\000a\000r\000\040\000*\000m\000s\000g\000\051}{subsection.4.3.1}% 63
\BOOKMARK [1][-]{section.4.4}{\376\377\0004\000.\0004\000\040\000/\000U\000s\000e\000r\000s\000/\000L\000e\000a\000k\000e\000y\000/\000g\000i\000t\000/\000H\000a\000l\000c\000o\000n\000L\000i\000b\000/\000H\000a\000l\000c\000o\000n\000L\000i\000b\000/\000H\000a\000l\000O\000b\000j\000.\000m\000m\000\040\000F\000i\000l\000e\000\040\000R\000e\000f\000e\000r\000e\000n\000c\000e}{chapter.4}% 64
\BOOKMARK [2][-]{subsection.4.4.1}{\376\377\0004\000.\0004\000.\0001\000\040\000F\000u\000n\000c\000t\000i\000o\000n\000\040\000D\000o\000c\000u\000m\000e\000n\000t\000a\000t\000i\000o\000n}{section.4.4}% 65
\BOOKMARK [3][-]{subsubsection.4.4.1.1}{\376\377\0004\000.\0004\000.\0001\000.\0001\000\040\000c\000h\000e\000c\000k\000P\000a\000t\000h\000\050\000c\000h\000a\000r\000\040\000*\000p\000F\000i\000l\000e\000P\000a\000t\000h\000\051}{subsection.4.4.1}% 66
\BOOKMARK [3][-]{subsubsection.4.4.1.2}{\376\377\0004\000.\0004\000.\0001\000.\0002\000\040\000S\000a\000v\000e\000D\000e\000b\000u\000g\000\050\000c\000o\000n\000s\000t\000\040\000c\000h\000a\000r\000\040\000*\000m\000s\000g\000\051}{subsection.4.4.1}% 67
\BOOKMARK [2][-]{subsection.4.4.2}{\376\377\0004\000.\0004\000.\0002\000\040\000V\000a\000r\000i\000a\000b\000l\000e\000\040\000D\000o\000c\000u\000m\000e\000n\000t\000a\000t\000i\000o\000n}{section.4.4}% 68
\BOOKMARK [3][-]{subsubsection.4.4.2.1}{\376\377\0004\000.\0004\000.\0002\000.\0001\000\040\000h\000o\000M\000o\000d\000e\000l\000C\000o\000n\000t\000o\000u\000r\000s}{subsection.4.4.2}% 69
\BOOKMARK [3][-]{subsubsection.4.4.2.2}{\376\377\0004\000.\0004\000.\0002\000.\0002\000\040\000h\000o\000T\000r\000a\000n\000s\000C\000o\000n\000t\000o\000u\000r\000s}{subsection.4.4.2}% 70
\BOOKMARK [3][-]{subsubsection.4.4.2.3}{\376\377\0004\000.\0004\000.\0002\000.\0003\000\040\000h\000v\000H\000o\000m\000M\000a\000t\0002\000D}{subsection.4.4.2}% 71
\BOOKMARK [0][-]{section*.13}{\376\377\000I\000n\000d\000e\000x}{}% 72
