\BOOKMARK [0][-]{chapter.1}{\376\377\0001\000\040\000C\000l\000a\000s\000s\000\040\000I\000n\000d\000e\000x}{}% 1
\BOOKMARK [1][-]{section.1.1}{\376\377\0001\000.\0001\000\040\000C\000l\000a\000s\000s\000\040\000L\000i\000s\000t}{chapter.1}% 2
\BOOKMARK [0][-]{chapter.2}{\376\377\0002\000\040\000F\000i\000l\000e\000\040\000I\000n\000d\000e\000x}{}% 3
\BOOKMARK [1][-]{section.2.1}{\376\377\0002\000.\0001\000\040\000F\000i\000l\000e\000\040\000L\000i\000s\000t}{chapter.2}% 4
\BOOKMARK [0][-]{chapter.3}{\376\377\0003\000\040\000C\000l\000a\000s\000s\000\040\000D\000o\000c\000u\000m\000e\000n\000t\000a\000t\000i\000o\000n}{}% 5
\BOOKMARK [1][-]{section.3.1}{\376\377\0003\000.\0001\000\040\000C\000a\000m\000C\000t\000r\000l\000\040\000C\000l\000a\000s\000s\000\040\000R\000e\000f\000e\000r\000e\000n\000c\000e}{chapter.3}% 6
\BOOKMARK [2][-]{subsection.3.1.1}{\376\377\0003\000.\0001\000.\0001\000\040\000C\000o\000n\000s\000t\000r\000u\000c\000t\000o\000r\000\040\000\046\000\040\000D\000e\000s\000t\000r\000u\000c\000t\000o\000r\000\040\000D\000o\000c\000u\000m\000e\000n\000t\000a\000t\000i\000o\000n}{section.3.1}% 7
\BOOKMARK [3][-]{subsubsection.3.1.1.1}{\376\377\0003\000.\0001\000.\0001\000.\0001\000\040\000C\000a\000m\000C\000t\000r\000l\000\050\000\051}{subsection.3.1.1}% 8
\BOOKMARK [2][-]{subsection.3.1.2}{\376\377\0003\000.\0001\000.\0002\000\040\000M\000e\000m\000b\000e\000r\000\040\000F\000u\000n\000c\000t\000i\000o\000n\000\040\000D\000o\000c\000u\000m\000e\000n\000t\000a\000t\000i\000o\000n}{section.3.1}% 9
\BOOKMARK [3][-]{subsubsection.3.1.2.1}{\376\377\0003\000.\0001\000.\0002\000.\0001\000\040\000o\000p\000n\000C\000a\000m\000\050\000i\000n\000t\000\040\000C\000a\000m\000I\000n\000d\000e\000x\000=\000-\0001\000\051}{subsection.3.1.2}% 10
\BOOKMARK [3][-]{subsubsection.3.1.2.2}{\376\377\0003\000.\0001\000.\0002\000.\0002\000\040\000s\000a\000v\000e\000V\000i\000d\000e\000o\000\050\000C\000v\000C\000a\000p\000t\000u\000r\000e\000\040\000*\000p\000C\000a\000p\000t\000u\000r\000e\000n\000,\000\040\000c\000h\000a\000r\000\040\000*\000F\000i\000l\000e\000P\000a\000t\000h\000n\000\051}{subsection.3.1.2}% 11
\BOOKMARK [1][-]{section.3.2}{\376\377\0003\000.\0002\000\040\000K\000N\000N\000C\000l\000a\000s\000s\000\040\000C\000l\000a\000s\000s\000\040\000R\000e\000f\000e\000r\000e\000n\000c\000e}{chapter.3}% 12
\BOOKMARK [2][-]{subsection.3.2.1}{\376\377\0003\000.\0002\000.\0001\000\040\000C\000o\000n\000s\000t\000r\000u\000c\000t\000o\000r\000\040\000\046\000\040\000D\000e\000s\000t\000r\000u\000c\000t\000o\000r\000\040\000D\000o\000c\000u\000m\000e\000n\000t\000a\000t\000i\000o\000n}{section.3.2}% 13
\BOOKMARK [3][-]{subsubsection.3.2.1.1}{\376\377\0003\000.\0002\000.\0001\000.\0001\000\040\000K\000N\000N\000C\000l\000a\000s\000s\000\050\000i\000n\000t\000\040\000k\000n\000=\0005\000,\000\040\000i\000n\000t\000\040\000S\000m\000p\000C\000l\000a\000s\000s\000n\000=\0005\000,\000\040\000i\000n\000t\000\040\000C\000l\000a\000s\000s\000Q\000u\000t\000y\000n\000=\0002\0000\0000\000,\000\040\000i\000n\000t\000\040\000S\000m\000p\000S\000i\000z\000e\000n\000=\0004\0000\0000\000\051}{subsection.3.2.1}% 14
\BOOKMARK [3][-]{subsubsection.3.2.1.2}{\376\377\0003\000.\0002\000.\0001\000.\0002\000\040\000\040\000K\000N\000N\000C\000l\000a\000s\000s\000\050\000\051}{subsection.3.2.1}% 15
\BOOKMARK [2][-]{subsection.3.2.2}{\376\377\0003\000.\0002\000.\0002\000\040\000M\000e\000m\000b\000e\000r\000\040\000F\000u\000n\000c\000t\000i\000o\000n\000\040\000D\000o\000c\000u\000m\000e\000n\000t\000a\000t\000i\000o\000n}{section.3.2}% 16
\BOOKMARK [3][-]{subsubsection.3.2.2.1}{\376\377\0003\000.\0002\000.\0002\000.\0001\000\040\000c\000l\000a\000s\000s\000i\000f\000y\000\050\000c\000h\000a\000r\000\040\000*\000F\000i\000l\000e\000P\000a\000t\000h\000n\000\051}{subsection.3.2.2}% 17
\BOOKMARK [3][-]{subsubsection.3.2.2.2}{\376\377\0003\000.\0002\000.\0002\000.\0002\000\040\000e\000n\000h\000c\000e\000D\000a\000t\000a\000\050\000c\000h\000a\000r\000\040\000*\000S\000r\000c\000F\000i\000l\000e\000P\000a\000t\000h\000n\000,\000\040\000c\000h\000a\000r\000\040\000*\000D\000s\000t\000F\000i\000l\000e\000P\000a\000t\000h\000n\000,\000\040\000i\000n\000t\000\040\000S\000m\000p\000C\000l\000a\000s\000s\000n\000=\0005\000,\000\040\000i\000n\000t\000\040\000C\000l\000a\000s\000s\000Q\000u\000t\000y\000n\000=\0002\0000\000\051}{subsection.3.2.2}% 18
\BOOKMARK [3][-]{subsubsection.3.2.2.3}{\376\377\0003\000.\0002\000.\0002\000.\0003\000\040\000l\000o\000a\000d\000D\000a\000t\000a\000\050\000c\000h\000a\000r\000\040\000*\000F\000i\000l\000e\000P\000a\000t\000h\000n\000,\000\040\000i\000n\000t\000\040\000S\000m\000p\000C\000l\000a\000s\000s\000n\000,\000\040\000i\000n\000t\000\040\000C\000l\000a\000s\000s\000Q\000u\000t\000y\000n\000\051}{subsection.3.2.2}% 19
\BOOKMARK [3][-]{subsubsection.3.2.2.4}{\376\377\0003\000.\0002\000.\0002\000.\0004\000\040\000s\000e\000l\000f\000T\000e\000s\000t\000\050\000c\000h\000a\000r\000\040\000*\000F\000i\000l\000e\000P\000a\000t\000h\000n\000,\000\040\000i\000n\000t\000\040\000T\000e\000s\000t\000C\000l\000a\000s\000s\000,\000\040\000i\000n\000t\000\040\000M\000a\000x\000\051}{subsection.3.2.2}% 20
\BOOKMARK [3][-]{subsubsection.3.2.2.5}{\376\377\0003\000.\0002\000.\0002\000.\0005\000\040\000s\000e\000t\000C\000l\000a\000s\000s\000Q\000u\000t\000y\000\050\000i\000n\000t\000\040\000n\000\051}{subsection.3.2.2}% 21
\BOOKMARK [3][-]{subsubsection.3.2.2.6}{\376\377\0003\000.\0002\000.\0002\000.\0006\000\040\000s\000e\000t\000F\000i\000l\000e\000P\000a\000t\000h\000\050\000c\000h\000a\000r\000\040\000*\000F\000i\000l\000e\000P\000a\000t\000h\000n\000\051}{subsection.3.2.2}% 22
\BOOKMARK [3][-]{subsubsection.3.2.2.7}{\376\377\0003\000.\0002\000.\0002\000.\0007\000\040\000s\000e\000t\000K\000\050\000i\000n\000t\000\040\000n\000\051}{subsection.3.2.2}% 23
\BOOKMARK [3][-]{subsubsection.3.2.2.8}{\376\377\0003\000.\0002\000.\0002\000.\0008\000\040\000s\000e\000t\000S\000m\000p\000C\000l\000a\000s\000s\000\050\000i\000n\000t\000\040\000n\000\051}{subsection.3.2.2}% 24
\BOOKMARK [3][-]{subsubsection.3.2.2.9}{\376\377\0003\000.\0002\000.\0002\000.\0009\000\040\000s\000e\000t\000S\000m\000p\000S\000i\000z\000e\000\050\000i\000n\000t\000\040\000n\000\051}{subsection.3.2.2}% 25
\BOOKMARK [3][-]{subsubsection.3.2.2.10}{\376\377\0003\000.\0002\000.\0002\000.\0001\0000\000\040\000s\000e\000t\000T\000h\000r\000e\000s\000A\000\050\000i\000n\000t\000\040\000n\000\051}{subsection.3.2.2}% 26
\BOOKMARK [3][-]{subsubsection.3.2.2.11}{\376\377\0003\000.\0002\000.\0002\000.\0001\0001\000\040\000s\000e\000t\000T\000h\000r\000e\000s\000B\000\050\000i\000n\000t\000\040\000n\000\051}{subsection.3.2.2}% 27
\BOOKMARK [1][-]{section.3.3}{\376\377\0003\000.\0003\000\040\000O\000b\000j\000e\000c\000t\000C\000n\000t\000\040\000C\000l\000a\000s\000s\000\040\000R\000e\000f\000e\000r\000e\000n\000c\000e}{chapter.3}% 28
\BOOKMARK [2][-]{subsection.3.3.1}{\376\377\0003\000.\0003\000.\0001\000\040\000C\000o\000n\000s\000t\000r\000u\000c\000t\000o\000r\000\040\000\046\000\040\000D\000e\000s\000t\000r\000u\000c\000t\000o\000r\000\040\000D\000o\000c\000u\000m\000e\000n\000t\000a\000t\000i\000o\000n}{section.3.3}% 29
\BOOKMARK [3][-]{subsubsection.3.3.1.1}{\376\377\0003\000.\0003\000.\0001\000.\0001\000\040\000O\000b\000j\000e\000c\000t\000C\000n\000t\000\050\000\051}{subsection.3.3.1}% 30
\BOOKMARK [3][-]{subsubsection.3.3.1.2}{\376\377\0003\000.\0003\000.\0001\000.\0002\000\040\000\040\000O\000b\000j\000e\000c\000t\000C\000n\000t\000\050\000\051}{subsection.3.3.1}% 31
\BOOKMARK [2][-]{subsection.3.3.2}{\376\377\0003\000.\0003\000.\0002\000\040\000M\000e\000m\000b\000e\000r\000\040\000F\000u\000n\000c\000t\000i\000o\000n\000\040\000D\000o\000c\000u\000m\000e\000n\000t\000a\000t\000i\000o\000n}{section.3.3}% 32
\BOOKMARK [3][-]{subsubsection.3.3.2.1}{\376\377\0003\000.\0003\000.\0002\000.\0001\000\040\000c\000n\000t\000O\000b\000j\000e\000c\000t\000s\000\050\000c\000h\000a\000r\000\040\000*\000p\000F\000i\000l\000e\000P\000a\000t\000h\000\051}{subsection.3.3.2}% 33
\BOOKMARK [3][-]{subsubsection.3.3.2.2}{\376\377\0003\000.\0003\000.\0002\000.\0002\000\040\000c\000n\000t\000O\000b\000j\000e\000c\000t\000s\000\050\000I\000p\000l\000I\000m\000a\000g\000e\000\040\000*\000p\000S\000r\000c\000I\000m\000g\000\051}{subsection.3.3.2}% 34
\BOOKMARK [3][-]{subsubsection.3.3.2.3}{\376\377\0003\000.\0003\000.\0002\000.\0003\000\040\000c\000n\000t\000P\000r\000e\000P\000r\000s\000\050\000I\000p\000l\000I\000m\000a\000g\000e\000\040\000*\000p\000S\000r\000c\000I\000m\000g\000\051}{subsection.3.3.2}% 35
\BOOKMARK [3][-]{subsubsection.3.3.2.4}{\376\377\0003\000.\0003\000.\0002\000.\0004\000\040\000o\000b\000j\000P\000r\000t\000P\000a\000r\000a\000\050\000\051}{subsection.3.3.2}% 36
\BOOKMARK [0][-]{chapter.4}{\376\377\0004\000\040\000F\000i\000l\000e\000\040\000D\000o\000c\000u\000m\000e\000n\000t\000a\000t\000i\000o\000n}{}% 37
\BOOKMARK [1][-]{section.4.1}{\376\377\0004\000.\0001\000\040\000/\000U\000s\000e\000r\000s\000/\000L\000e\000a\000k\000e\000y\000/\000g\000i\000t\000/\000C\000V\000L\000i\000b\000/\000C\000V\000L\000i\000b\000/\000C\000V\000L\000i\000b\000.\000c\000p\000p\000\040\000F\000i\000l\000e\000\040\000R\000e\000f\000e\000r\000e\000n\000c\000e}{chapter.4}% 38
\BOOKMARK [2][-]{subsection.4.1.1}{\376\377\0004\000.\0001\000.\0001\000\040\000F\000u\000n\000c\000t\000i\000o\000n\000\040\000D\000o\000c\000u\000m\000e\000n\000t\000a\000t\000i\000o\000n}{section.4.1}% 39
\BOOKMARK [3][-]{subsubsection.4.1.1.1}{\376\377\0004\000.\0001\000.\0001\000.\0001\000\040\000a\000u\000t\000o\000S\000t\000c\000e\000r\000\050\000I\000p\000l\000I\000m\000a\000g\000e\000\040\000*\000S\000r\000c\000I\000m\000g\000Q\000u\000e\000e\000n\000[\000]\000,\000\040\000i\000n\000t\000\040\000l\000e\000n\000t\000h\000\051}{subsection.4.1.1}% 40
\BOOKMARK [3][-]{subsubsection.4.1.1.2}{\376\377\0004\000.\0001\000.\0001\000.\0002\000\040\000c\000v\000G\000e\000t\000S\000u\000b\000I\000m\000a\000g\000e\000\050\000I\000p\000l\000I\000m\000a\000g\000e\000\040\000*\000S\000r\000c\000I\000m\000g\000,\000\040\000C\000v\000R\000e\000c\000t\000\040\000R\000o\000i\000\051}{subsection.4.1.1}% 41
\BOOKMARK [3][-]{subsubsection.4.1.1.3}{\376\377\0004\000.\0001\000.\0001\000.\0003\000\040\000f\000i\000n\000d\000M\000i\000n\000R\000e\000c\000t\000\050\000I\000p\000l\000I\000m\000a\000g\000e\000\040\000*\000S\000r\000c\000I\000m\000g\000\051}{subsection.4.1.1}% 42
\BOOKMARK [3][-]{subsubsection.4.1.1.4}{\376\377\0004\000.\0001\000.\0001\000.\0004\000\040\000f\000i\000n\000d\000R\000e\000g\000i\000o\000n\000\050\000I\000p\000l\000I\000m\000a\000g\000e\000\040\000*\000S\000r\000c\000I\000m\000g\000,\000\040\000i\000n\000t\000\040\000*\000x\000,\000\040\000i\000n\000t\000\040\000*\000y\000,\000\040\000i\000n\000t\000\040\000F\000l\000a\000g\000\051}{subsection.4.1.1}% 43
\BOOKMARK [3][-]{subsubsection.4.1.1.5}{\376\377\0004\000.\0001\000.\0001\000.\0005\000\040\000f\000i\000n\000d\000X\000\050\000I\000p\000l\000I\000m\000a\000g\000e\000\040\000*\000S\000r\000c\000I\000m\000g\000,\000\040\000i\000n\000t\000\040\000*\000M\000i\000n\000,\000\040\000i\000n\000t\000\040\000*\000M\000a\000x\000\051}{subsection.4.1.1}% 44
\BOOKMARK [3][-]{subsubsection.4.1.1.6}{\376\377\0004\000.\0001\000.\0001\000.\0006\000\040\000f\000i\000n\000d\000X\000R\000a\000n\000g\000e\000\050\000I\000p\000l\000I\000m\000a\000g\000e\000\040\000*\000S\000r\000c\000I\000m\000g\000,\000\040\000i\000n\000t\000\040\000*\000M\000i\000n\000,\000\040\000i\000n\000t\000\040\000*\000M\000a\000x\000,\000\040\000i\000n\000t\000\040\000F\000l\000a\000g\000\051}{subsection.4.1.1}% 45
\BOOKMARK [3][-]{subsubsection.4.1.1.7}{\376\377\0004\000.\0001\000.\0001\000.\0007\000\040\000f\000i\000n\000d\000Y\000\050\000I\000p\000l\000I\000m\000a\000g\000e\000\040\000*\000S\000r\000c\000I\000m\000g\000,\000\040\000i\000n\000t\000\040\000*\000M\000i\000n\000,\000\040\000i\000n\000t\000\040\000*\000M\000a\000x\000\051}{subsection.4.1.1}% 46
\BOOKMARK [3][-]{subsubsection.4.1.1.8}{\376\377\0004\000.\0001\000.\0001\000.\0008\000\040\000f\000i\000n\000d\000Y\000R\000a\000n\000g\000e\000\050\000I\000p\000l\000I\000m\000a\000g\000e\000\040\000*\000S\000r\000c\000I\000m\000g\000,\000\040\000i\000n\000t\000\040\000*\000M\000i\000n\000,\000\040\000i\000n\000t\000\040\000*\000M\000a\000x\000,\000\040\000i\000n\000t\000\040\000F\000l\000a\000g\000\051}{subsection.4.1.1}% 47
\BOOKMARK [3][-]{subsubsection.4.1.1.9}{\376\377\0004\000.\0001\000.\0001\000.\0009\000\040\000g\000e\000t\000T\000h\000r\000e\000s\000h\000o\000l\000d\000\050\000I\000p\000l\000I\000m\000a\000g\000e\000\040\000*\000p\000S\000r\000c\000I\000m\000g\000,\000\040\000i\000n\000t\000\040\000*\000T\000A\000,\000\040\000i\000n\000t\000\040\000*\000T\000B\000\051}{subsection.4.1.1}% 48
\BOOKMARK [3][-]{subsubsection.4.1.1.10}{\376\377\0004\000.\0001\000.\0001\000.\0001\0000\000\040\000g\000e\000t\000T\000h\000r\000e\000s\000h\000o\000l\000d\000\050\000c\000h\000a\000r\000\040\000*\000F\000i\000l\000e\000P\000a\000t\000h\000n\000,\000\040\000i\000n\000t\000\040\000*\000T\000A\000,\000\040\000i\000n\000t\000\040\000*\000T\000B\000\051}{subsection.4.1.1}% 49
\BOOKMARK [3][-]{subsubsection.4.1.1.11}{\376\377\0004\000.\0001\000.\0001\000.\0001\0001\000\040\000I\000n\000s\000e\000r\000t\000S\000o\000r\000t\000\050\000u\000n\000s\000i\000g\000n\000e\000d\000\040\000c\000h\000a\000r\000\040\000a\000[\000]\000,\000\040\000i\000n\000t\000\040\000c\000o\000u\000n\000t\000\051}{subsection.4.1.1}% 50
\BOOKMARK [3][-]{subsubsection.4.1.1.12}{\376\377\0004\000.\0001\000.\0001\000.\0001\0002\000\040\000m\000a\000x\000T\000r\000a\000c\000k\000b\000a\000r\000\050\000i\000n\000t\000\040\000T\000h\000r\000e\000s\000h\000o\000l\000d\000\051}{subsection.4.1.1}% 51
\BOOKMARK [3][-]{subsubsection.4.1.1.13}{\376\377\0004\000.\0001\000.\0001\000.\0001\0003\000\040\000m\000i\000n\000T\000r\000a\000c\000k\000b\000a\000r\000\050\000i\000n\000t\000\040\000T\000h\000r\000e\000s\000h\000o\000l\000d\000\051}{subsection.4.1.1}% 52
\BOOKMARK [3][-]{subsubsection.4.1.1.14}{\376\377\0004\000.\0001\000.\0001\000.\0001\0004\000\040\000p\000i\000c\000S\000t\000c\000e\000r\000\050\000I\000p\000l\000I\000m\000a\000g\000e\000\040\000*\000S\000r\000c\000I\000m\000g\000Q\000u\000e\000[\000]\000,\000\040\000i\000n\000t\000\040\000l\000e\000n\000t\000h\000,\000\040\000i\000n\000t\000\040\000m\000o\000d\000e\000\051}{subsection.4.1.1}% 53
\BOOKMARK [3][-]{subsubsection.4.1.1.15}{\376\377\0004\000.\0001\000.\0001\000.\0001\0005\000\040\000p\000i\000c\000S\000t\000c\000e\000r\000s\000u\000b\000\050\000I\000p\000l\000I\000m\000a\000g\000e\000\040\000*\000I\000m\000g\000A\000,\000\040\000I\000p\000l\000I\000m\000a\000g\000e\000\040\000*\000I\000m\000g\000B\000,\000\040\000i\000n\000t\000\040\000m\000o\000d\000e\000\051}{subsection.4.1.1}% 54
\BOOKMARK [3][-]{subsubsection.4.1.1.16}{\376\377\0004\000.\0001\000.\0001\000.\0001\0006\000\040\000p\000r\000e\000P\000r\000s\000\050\000I\000p\000l\000I\000m\000a\000g\000e\000\040\000*\000S\000r\000c\000I\000m\000g\000,\000\040\000i\000n\000t\000\040\000W\000n\000,\000\040\000i\000n\000t\000\040\000H\000n\000,\000\040\000i\000n\000t\000\040\000M\000o\000d\000e\000\051}{subsection.4.1.1}% 55
\BOOKMARK [3][-]{subsubsection.4.1.1.17}{\376\377\0004\000.\0001\000.\0001\000.\0001\0007\000\040\000r\000e\000s\000i\000z\000e\000I\000m\000g\000\050\000c\000h\000a\000r\000\040\000*\000F\000i\000l\000e\000P\000a\000t\000h\000n\000,\000\040\000C\000v\000S\000i\000z\000e\000\040\000S\000i\000z\000e\000n\000\051}{subsection.4.1.1}% 56
\BOOKMARK [3][-]{subsubsection.4.1.1.18}{\376\377\0004\000.\0001\000.\0001\000.\0001\0008\000\040\000s\000e\000t\000D\000i\000l\000a\000t\000e\000\050\000i\000n\000t\000\040\000p\000D\000i\000l\000a\000t\000e\000\051}{subsection.4.1.1}% 57
\BOOKMARK [3][-]{subsubsection.4.1.1.19}{\376\377\0004\000.\0001\000.\0001\000.\0001\0009\000\040\000s\000e\000t\000E\000r\000o\000d\000e\000\050\000i\000n\000t\000\040\000p\000E\000r\000o\000d\000e\000\051}{subsection.4.1.1}% 58
\BOOKMARK [3][-]{subsubsection.4.1.1.20}{\376\377\0004\000.\0001\000.\0001\000.\0002\0000\000\040\000s\000e\000t\000K\000n\000l\000S\000i\000z\000e\000\050\000i\000n\000t\000\040\000p\000K\000n\000l\000S\000i\000z\000e\000\051}{subsection.4.1.1}% 59
\BOOKMARK [3][-]{subsubsection.4.1.1.21}{\376\377\0004\000.\0001\000.\0001\000.\0002\0001\000\040\000s\000e\000t\000T\000a\000\050\000i\000n\000t\000\040\000T\000h\000r\000e\000s\000h\000o\000l\000d\000\051}{subsection.4.1.1}% 60
\BOOKMARK [3][-]{subsubsection.4.1.1.22}{\376\377\0004\000.\0001\000.\0001\000.\0002\0002\000\040\000s\000e\000t\000T\000b\000\050\000i\000n\000t\000\040\000T\000h\000r\000e\000s\000h\000o\000l\000d\000\051}{subsection.4.1.1}% 61
\BOOKMARK [3][-]{subsubsection.4.1.1.23}{\376\377\0004\000.\0001\000.\0001\000.\0002\0003\000\040\000s\000h\000o\000w\000I\000m\000g\000\050\000i\000n\000t\000\040\000T\000A\000,\000\040\000i\000n\000t\000\040\000T\000B\000\051}{subsection.4.1.1}% 62
\BOOKMARK [3][-]{subsubsection.4.1.1.24}{\376\377\0004\000.\0001\000.\0001\000.\0002\0004\000\040\000s\000h\000o\000w\000I\000m\000g\000\050\000i\000n\000t\000\040\000T\000A\000,\000\040\000i\000n\000t\000\040\000T\000B\000,\000\040\000i\000n\000t\000\040\000p\000K\000n\000l\000S\000i\000z\000e\000,\000\040\000i\000n\000t\000\040\000p\000E\000r\000o\000d\000e\000,\000\040\000i\000n\000t\000\040\000p\000D\000i\000l\000a\000t\000e\000\051}{subsection.4.1.1}% 63
\BOOKMARK [2][-]{subsection.4.1.2}{\376\377\0004\000.\0001\000.\0002\000\040\000V\000a\000r\000i\000a\000b\000l\000e\000\040\000D\000o\000c\000u\000m\000e\000n\000t\000a\000t\000i\000o\000n}{section.4.1}% 64
\BOOKMARK [3][-]{subsubsection.4.1.2.1}{\376\377\0004\000.\0001\000.\0002\000.\0001\000\040\000C\000a\000n\000n\000y\000I\000m\000g}{subsection.4.1.2}% 65
\BOOKMARK [3][-]{subsubsection.4.1.2.2}{\376\377\0004\000.\0001\000.\0002\000.\0002\000\040\000E\000x\000p\000I\000m\000g}{subsection.4.1.2}% 66
\BOOKMARK [3][-]{subsubsection.4.1.2.3}{\376\377\0004\000.\0001\000.\0002\000.\0003\000\040\000G\000r\000a\000y\000I\000m\000g}{subsection.4.1.2}% 67
\BOOKMARK [1][-]{section.4.2}{\376\377\0004\000.\0002\000\040\000/\000U\000s\000e\000r\000s\000/\000L\000e\000a\000k\000e\000y\000/\000g\000i\000t\000/\000C\000V\000L\000i\000b\000/\000C\000V\000L\000i\000b\000/\000C\000V\000L\000i\000b\000.\000h\000\040\000F\000i\000l\000e\000\040\000R\000e\000f\000e\000r\000e\000n\000c\000e}{chapter.4}% 68
\BOOKMARK [2][-]{subsection.4.2.1}{\376\377\0004\000.\0002\000.\0001\000\040\000M\000a\000c\000r\000o\000\040\000D\000e\000f\000i\000n\000i\000t\000i\000o\000n\000\040\000D\000o\000c\000u\000m\000e\000n\000t\000a\000t\000i\000o\000n}{section.4.2}% 69
\BOOKMARK [3][-]{subsubsection.4.2.1.1}{\376\377\0004\000.\0002\000.\0001\000.\0001\000\040\000H\000O\000R\000I\000Z\000O\000N\000T\000A\000L}{subsection.4.2.1}% 70
\BOOKMARK [3][-]{subsubsection.4.2.1.2}{\376\377\0004\000.\0002\000.\0001\000.\0002\000\040\000V\000E\000R\000T\000I\000C\000A\000L}{subsection.4.2.1}% 71
\BOOKMARK [2][-]{subsection.4.2.2}{\376\377\0004\000.\0002\000.\0002\000\040\000F\000u\000n\000c\000t\000i\000o\000n\000\040\000D\000o\000c\000u\000m\000e\000n\000t\000a\000t\000i\000o\000n}{section.4.2}% 72
\BOOKMARK [3][-]{subsubsection.4.2.2.1}{\376\377\0004\000.\0002\000.\0002\000.\0001\000\040\000a\000u\000t\000o\000S\000t\000c\000e\000r\000\050\000I\000p\000l\000I\000m\000a\000g\000e\000\040\000*\000S\000r\000c\000I\000m\000g\000Q\000u\000e\000e\000n\000[\000]\000,\000\040\000i\000n\000t\000\040\000l\000e\000n\000t\000h\000\051}{subsection.4.2.2}% 73
\BOOKMARK [3][-]{subsubsection.4.2.2.2}{\376\377\0004\000.\0002\000.\0002\000.\0002\000\040\000c\000v\000G\000e\000t\000S\000u\000b\000I\000m\000a\000g\000e\000\050\000I\000p\000l\000I\000m\000a\000g\000e\000\040\000*\000S\000r\000c\000I\000m\000g\000,\000\040\000C\000v\000R\000e\000c\000t\000\040\000R\000o\000i\000\051}{subsection.4.2.2}% 74
\BOOKMARK [3][-]{subsubsection.4.2.2.3}{\376\377\0004\000.\0002\000.\0002\000.\0003\000\040\000f\000i\000n\000d\000M\000i\000n\000R\000e\000c\000t\000\050\000I\000p\000l\000I\000m\000a\000g\000e\000\040\000*\000S\000r\000c\000I\000m\000g\000\051}{subsection.4.2.2}% 75
\BOOKMARK [3][-]{subsubsection.4.2.2.4}{\376\377\0004\000.\0002\000.\0002\000.\0004\000\040\000f\000i\000n\000d\000R\000e\000g\000i\000o\000n\000\050\000I\000p\000l\000I\000m\000a\000g\000e\000\040\000*\000S\000r\000c\000I\000m\000g\000,\000\040\000i\000n\000t\000\040\000*\000x\000,\000\040\000i\000n\000t\000\040\000*\000y\000,\000\040\000i\000n\000t\000\040\000F\000l\000a\000g\000=\0001\000\051}{subsection.4.2.2}% 76
\BOOKMARK [3][-]{subsubsection.4.2.2.5}{\376\377\0004\000.\0002\000.\0002\000.\0005\000\040\000f\000i\000n\000d\000X\000\050\000I\000p\000l\000I\000m\000a\000g\000e\000\040\000*\000S\000r\000c\000I\000m\000g\000,\000\040\000i\000n\000t\000\040\000*\000M\000i\000n\000,\000\040\000i\000n\000t\000\040\000*\000M\000a\000x\000\051}{subsection.4.2.2}% 77
\BOOKMARK [3][-]{subsubsection.4.2.2.6}{\376\377\0004\000.\0002\000.\0002\000.\0006\000\040\000f\000i\000n\000d\000X\000R\000a\000n\000g\000e\000\050\000I\000p\000l\000I\000m\000a\000g\000e\000\040\000*\000S\000r\000c\000I\000m\000g\000,\000\040\000i\000n\000t\000\040\000*\000M\000i\000n\000,\000\040\000i\000n\000t\000\040\000*\000M\000a\000x\000,\000\040\000i\000n\000t\000\040\000F\000l\000a\000g\000=\0001\000\051}{subsection.4.2.2}% 78
\BOOKMARK [3][-]{subsubsection.4.2.2.7}{\376\377\0004\000.\0002\000.\0002\000.\0007\000\040\000f\000i\000n\000d\000Y\000\050\000I\000p\000l\000I\000m\000a\000g\000e\000\040\000*\000S\000r\000c\000I\000m\000g\000,\000\040\000i\000n\000t\000\040\000*\000M\000i\000n\000,\000\040\000i\000n\000t\000\040\000*\000M\000a\000x\000\051}{subsection.4.2.2}% 79
\BOOKMARK [3][-]{subsubsection.4.2.2.8}{\376\377\0004\000.\0002\000.\0002\000.\0008\000\040\000f\000i\000n\000d\000Y\000R\000a\000n\000g\000e\000\050\000I\000p\000l\000I\000m\000a\000g\000e\000\040\000*\000S\000r\000c\000I\000m\000g\000,\000\040\000i\000n\000t\000\040\000*\000M\000i\000n\000,\000\040\000i\000n\000t\000\040\000*\000M\000a\000x\000,\000\040\000i\000n\000t\000\040\000F\000l\000a\000g\000=\0001\000\051}{subsection.4.2.2}% 80
\BOOKMARK [3][-]{subsubsection.4.2.2.9}{\376\377\0004\000.\0002\000.\0002\000.\0009\000\040\000g\000e\000t\000T\000h\000r\000e\000s\000h\000o\000l\000d\000\050\000c\000h\000a\000r\000\040\000*\000F\000i\000l\000e\000P\000a\000t\000h\000n\000,\000\040\000i\000n\000t\000\040\000*\000T\000A\000,\000\040\000i\000n\000t\000\040\000*\000T\000B\000\051}{subsection.4.2.2}% 81
\BOOKMARK [3][-]{subsubsection.4.2.2.10}{\376\377\0004\000.\0002\000.\0002\000.\0001\0000\000\040\000g\000e\000t\000T\000h\000r\000e\000s\000h\000o\000l\000d\000\050\000I\000p\000l\000I\000m\000a\000g\000e\000\040\000*\000p\000S\000r\000c\000I\000m\000g\000,\000\040\000i\000n\000t\000\040\000*\000T\000A\000,\000\040\000i\000n\000t\000\040\000*\000T\000B\000\051}{subsection.4.2.2}% 82
\BOOKMARK [3][-]{subsubsection.4.2.2.11}{\376\377\0004\000.\0002\000.\0002\000.\0001\0001\000\040\000I\000n\000s\000e\000r\000t\000S\000o\000r\000t\000\050\000u\000n\000s\000i\000g\000n\000e\000d\000\040\000c\000h\000a\000r\000\040\000a\000[\000]\000,\000\040\000i\000n\000t\000\040\000c\000o\000u\000n\000t\000\051}{subsection.4.2.2}% 83
\BOOKMARK [3][-]{subsubsection.4.2.2.12}{\376\377\0004\000.\0002\000.\0002\000.\0001\0002\000\040\000m\000a\000x\000T\000r\000a\000c\000k\000b\000a\000r\000\050\000i\000n\000t\000\040\000T\000h\000r\000e\000s\000h\000o\000l\000d\000\051}{subsection.4.2.2}% 84
\BOOKMARK [3][-]{subsubsection.4.2.2.13}{\376\377\0004\000.\0002\000.\0002\000.\0001\0003\000\040\000m\000i\000n\000T\000r\000a\000c\000k\000b\000a\000r\000\050\000i\000n\000t\000\040\000T\000h\000r\000e\000s\000h\000o\000l\000d\000\051}{subsection.4.2.2}% 85
\BOOKMARK [3][-]{subsubsection.4.2.2.14}{\376\377\0004\000.\0002\000.\0002\000.\0001\0004\000\040\000p\000i\000c\000S\000t\000c\000e\000r\000\050\000I\000p\000l\000I\000m\000a\000g\000e\000\040\000*\000S\000r\000c\000I\000m\000g\000Q\000u\000e\000e\000n\000[\000]\000,\000\040\000i\000n\000t\000\040\000l\000e\000n\000t\000h\000,\000\040\000i\000n\000t\000\040\000m\000o\000d\000e\000\051}{subsection.4.2.2}% 86
\BOOKMARK [3][-]{subsubsection.4.2.2.15}{\376\377\0004\000.\0002\000.\0002\000.\0001\0005\000\040\000p\000i\000c\000S\000t\000c\000e\000r\000s\000u\000b\000\050\000I\000p\000l\000I\000m\000a\000g\000e\000\040\000*\000I\000m\000g\000A\000,\000\040\000I\000p\000l\000I\000m\000a\000g\000e\000\040\000*\000I\000m\000g\000B\000,\000\040\000i\000n\000t\000\040\000m\000o\000d\000e\000\051}{subsection.4.2.2}% 87
\BOOKMARK [3][-]{subsubsection.4.2.2.16}{\376\377\0004\000.\0002\000.\0002\000.\0001\0006\000\040\000p\000r\000e\000P\000r\000s\000\050\000I\000p\000l\000I\000m\000a\000g\000e\000\040\000*\000S\000r\000c\000I\000m\000g\000,\000\040\000i\000n\000t\000\040\000W\000n\000,\000\040\000i\000n\000t\000\040\000H\000n\000,\000\040\000i\000n\000t\000\040\000M\000o\000d\000e\000=\0001\000\051}{subsection.4.2.2}% 88
\BOOKMARK [3][-]{subsubsection.4.2.2.17}{\376\377\0004\000.\0002\000.\0002\000.\0001\0007\000\040\000r\000e\000s\000i\000z\000e\000I\000m\000g\000\050\000c\000h\000a\000r\000\040\000*\000F\000i\000l\000e\000P\000a\000t\000h\000n\000,\000\040\000C\000v\000S\000i\000z\000e\000\040\000S\000i\000z\000e\000n\000\051}{subsection.4.2.2}% 89
\BOOKMARK [3][-]{subsubsection.4.2.2.18}{\376\377\0004\000.\0002\000.\0002\000.\0001\0008\000\040\000s\000e\000t\000D\000i\000l\000a\000t\000e\000\050\000i\000n\000t\000\040\000p\000D\000i\000l\000a\000t\000e\000\051}{subsection.4.2.2}% 90
\BOOKMARK [3][-]{subsubsection.4.2.2.19}{\376\377\0004\000.\0002\000.\0002\000.\0001\0009\000\040\000s\000e\000t\000E\000r\000o\000d\000e\000\050\000i\000n\000t\000\040\000p\000E\000r\000o\000d\000e\000\051}{subsection.4.2.2}% 91
\BOOKMARK [3][-]{subsubsection.4.2.2.20}{\376\377\0004\000.\0002\000.\0002\000.\0002\0000\000\040\000s\000e\000t\000K\000n\000l\000S\000i\000z\000e\000\050\000i\000n\000t\000\040\000p\000K\000n\000l\000S\000i\000z\000e\000\051}{subsection.4.2.2}% 92
\BOOKMARK [3][-]{subsubsection.4.2.2.21}{\376\377\0004\000.\0002\000.\0002\000.\0002\0001\000\040\000s\000e\000t\000T\000a\000\050\000i\000n\000t\000\040\000T\000h\000r\000e\000s\000h\000o\000l\000d\000\051}{subsection.4.2.2}% 93
\BOOKMARK [3][-]{subsubsection.4.2.2.22}{\376\377\0004\000.\0002\000.\0002\000.\0002\0002\000\040\000s\000e\000t\000T\000b\000\050\000i\000n\000t\000\040\000T\000h\000r\000e\000s\000h\000o\000l\000d\000\051}{subsection.4.2.2}% 94
\BOOKMARK [3][-]{subsubsection.4.2.2.23}{\376\377\0004\000.\0002\000.\0002\000.\0002\0003\000\040\000s\000h\000o\000w\000I\000m\000g\000\050\000i\000n\000t\000\040\000T\000A\000,\000\040\000i\000n\000t\000\040\000T\000B\000\051}{subsection.4.2.2}% 95
\BOOKMARK [3][-]{subsubsection.4.2.2.24}{\376\377\0004\000.\0002\000.\0002\000.\0002\0004\000\040\000s\000h\000o\000w\000I\000m\000g\000\050\000i\000n\000t\000\040\000T\000A\000,\000\040\000i\000n\000t\000\040\000T\000B\000,\000\040\000i\000n\000t\000\040\000p\000K\000n\000l\000S\000i\000z\000e\000,\000\040\000i\000n\000t\000\040\000p\000E\000r\000o\000d\000e\000,\000\040\000i\000n\000t\000\040\000p\000D\000i\000l\000a\000t\000e\000\051}{subsection.4.2.2}% 96
\BOOKMARK [0][-]{section*.10}{\376\377\000I\000n\000d\000e\000x}{}% 97
