生成启动时间为 12/20/16 17:08:53。
     1>项目“C:\Project\CameraTest2\tolua++\tolua++.vcxproj”在节点 2 上(Rebuild 个目标)。
     1>ClCompile:
         C:\Program Files (x86)\Microsoft Visual Studio 12.0\VC\bin\CL.exe /c /I"C:\Project\CameraTest2\tolua++\\..\lua\lua-5.1.4\src" /I"C:\Project\CameraTest2\tolua++\\tolua++-1.0.93\include" /ZI /nologo /W3 /WX- /Od /Oy- /D WIN32 /D _DEBUG /D _LIB /D _CRT_SECURE_NO_WARNINGS /D _UNICODE /D UNICODE /Gm /EHsc /RTC1 /MDd /GS /fp:precise /Zc:wchar_t /Zc:forScope /Fo"Debug\\" /Fd"Debug\vc120.pdb" /Gd /TC /analyze- /errorReport:prompt "tolua++-1.0.93\src\lib\tolua_event.c" "tolua++-1.0.93\src\lib\tolua_is.c" "tolua++-1.0.93\src\lib\tolua_map.c" "tolua++-1.0.93\src\lib\tolua_push.c" "tolua++-1.0.93\src\lib\tolua_to.c"
         tolua_to.c
         tolua_push.c
         tolua_map.c
     1>c:\project\cameratest2\tolua++\tolua++-1.0.93\src\lib\tolua_map.c(398): warning C4090: “函数”: 不同的“const”限定符
         tolua_is.c
         tolua_event.c
         正在生成代码...
       Lib:
         C:\Program Files (x86)\Microsoft Visual Studio 12.0\VC\bin\Lib.exe /OUT:"C:\Project\CameraTest2\Debug\tolua++.lib" /NOLOGO Debug\tolua_event.obj
         Debug\tolua_is.obj
         Debug\tolua_map.obj
         Debug\tolua_push.obj
         Debug\tolua_to.obj
         tolua++.vcxproj -> C:\Project\CameraTest2\Debug\tolua++.lib
     1>已完成生成项目“C:\Project\CameraTest2\tolua++\tolua++.vcxproj”(Rebuild 个目标)的操作。

生成成功。

已用时间 00:00:00.60
